<?xml version="1.0" encoding="utf-8"?>
<shfbBuild product="Sandcastle Help File Builder and Tools" version="2015.10.10.0" projectFile="C:\Users\Malin\ownCloud\Własne\C#\Documentation\Docs.shfbproj" started="2015-12-13 18:44:44">
<buildStep step="Initializing">
Finding tools...
The Sandcastle tools are located in &#39;C:\Program Files (x86)\EWSoftware\Sandcastle Help File Builder\&#39;
Locating components in the following folder(s):
    C:\Users\Malin\ownCloud\Własne\C#\Documentation
    C:\ProgramData\EWSoftware\Sandcastle Help File Builder\Components and Plug-Ins\
    C:\Program Files (x86)\EWSoftware\Sandcastle Help File Builder\
Framework reflection data location: C:\Program Files (x86)\EWSoftware\Sandcastle Help File Builder\Data\.NETFramework
Using presentation style &#39;VS2013&#39; located in &#39;C:\Program Files (x86)\EWSoftware\Sandcastle Help File Builder\PresentationStyles\VS2013&#39;
Loading and initializing plug-ins...
Lightweight Website Style Version 2015.10.10.0
Copyright &#169; 2006-2015, Eric Woodruff, All Rights Reserved
Portions Copyright &#169; 2014, Sam Harwell, All Rights Reserved
</buildStep>
<buildStep step="ClearWorkFolder">
Clearing working folder...
-------------------------------
Clearing any prior web/markdown output...
</buildStep>
<buildStep step="ValidatingDocumentationSources">
Validating and copying documentation source information
Source: C:\Users\Malin\ownCloud\Własne\C#\DataStructures\bin\Debug\DataStructures.dll
    Found assembly &#39;C:\Users\Malin\ownCloud\Własne\C#\DataStructures\bin\Debug\DataStructures.dll&#39;
Source: C:\Users\Malin\ownCloud\Własne\C#\DataStructures\bin\Debug\DataStructures.xml

Copying XML comments files
    C:\Users\Malin\ownCloud\Własne\C#\DataStructures\bin\Debug\DataStructures.XML -&gt; C:\Users\Malin\ownCloud\Własne\C#\Documentation\Help\Working\DataStructures.XML
</buildStep>
<buildStep step="GenerateSharedContent">
Generating shared content files (en-US, Angielski (Stany Zjednoczone))...
<plugIn name="Lightweight Website Style" behavior="After" priority="1000">
</plugIn>    Last step completed in 00:00:00,0020
</buildStep>
<buildStep step="GenerateApiFilter">
Generating API filter for MRefBuilder...
    Last step completed in 00:00:00,0020
</buildStep>
<buildStep step="GenerateReflectionInfo">
Generating reflection information...
[C:\Windows\Microsoft.NET\Framework64\v4.0.30319\MSBuild.exe - GenerateRefInfo.proj]
Kompilacja rozpocz&#169;a si&#169; 2015-12-13 18:44:45.
Projekt &quot;C:\Users\Malin\ownCloud\Wasne\C#\Documentation\Help\Working\GenerateRefInfo.proj&quot; w w&#169;&#171;le 1 (domylne elementy docelowe).
Plik projektu zawiera wyraľenie ToolsVersion=&quot;12.0&quot;, kt˘re jest nieobsugiwane w tej wersji programu MSBuild. Projekt zostanie potraktowany, jakby zawiera wyraľenie ToolsVersion=&quot;4.0&quot;.
PrepareForBuild:
  Tworzenie katalogu &quot;obj\Debug\&quot;.
GenerateRefInfo:
  MRefBuilder (v2015.10.10.0)
  Copyright c 2006-2015, Microsoft Corporation, All Rights Reserved.
  Portions Copyright c 2006-2015, Eric Woodruff, All Rights Reserved.
  Loaded 1 assemblies for reflection and 1 dependency assemblies.
  Wrote information on 3 namespaces, 14 types, and 51 members
  Kopiowanie pliku z &quot;reflection.org&quot; do &quot;reflection.all&quot;.
  XslTransform (v2015.10.10.0)
  Copyright c 2006-2015, Microsoft Corporation, All Rights Reserved.
  Portions Copyright c 2006-2015, Eric Woodruff, All Rights Reserved.
  Applying XSL transformation &#39;C:\Program Files (x86)\EWSoftware\Sandcastle Help File Builder\ProductionTransforms\MergeDuplicates.xsl&#39;.
Kompilowanie projektu &quot;C:\Users\Malin\ownCloud\Wasne\C#\Documentation\Help\Working\GenerateRefInfo.proj&quot; wykonane (domylne elementy docelowe).

Kompilacja powioda si&#169;.

Czas, kt˘ry upynĄ: 00:00:00.55
    Last step completed in 00:00:00,7640
</buildStep>
<buildStep step="TransformReflectionInfo">
Transforming reflection output...
[C:\Windows\Microsoft.NET\Framework64\v4.0.30319\MSBuild.exe - TransformManifest.proj]
Kompilacja rozpocz&#169;a si&#169; 2015-12-13 18:44:45.
Projekt &quot;C:\Users\Malin\ownCloud\Wasne\C#\Documentation\Help\Working\TransformManifest.proj&quot; w w&#169;&#171;le 1 (domylne elementy docelowe).
Plik projektu zawiera wyraľenie ToolsVersion=&quot;12.0&quot;, kt˘re jest nieobsugiwane w tej wersji programu MSBuild. Projekt zostanie potraktowany, jakby zawiera wyraľenie ToolsVersion=&quot;4.0&quot;.
TransformManifest:
  XslTransform (v2015.10.10.0)
  Copyright c 2006-2015, Microsoft Corporation, All Rights Reserved.
  Portions Copyright c 2006-2015, Eric Woodruff, All Rights Reserved.
  Applying XSL transformation &#39;C:\Program Files (x86)\EWSoftware\Sandcastle Help File Builder\\ProductionTransforms\ApplyVSDocModel.xsl&#39;.
  Kopiowanie pliku z &quot;reflection.xml&quot; do &quot;reflection.ungrouped&quot;.
  AddNamespaceGroups (v2015.10.10.0)
  Copyright c 2006-2015, Eric Woodruff, All Rights Reserved
  Added 1 namespace group entries
  Kopiowanie pliku z &quot;reflection.xml&quot; do &quot;reflection.nofilenames&quot;.
  XslTransform (v2015.10.10.0)
  Copyright c 2006-2015, Microsoft Corporation, All Rights Reserved.
  Portions Copyright c 2006-2015, Eric Woodruff, All Rights Reserved.
  Applying XSL transformation &#39;C:\Program Files (x86)\EWSoftware\Sandcastle Help File Builder\ProductionTransforms\AddFilenames.xsl&#39;.
  XslTransform (v2015.10.10.0)
  Copyright c 2006-2015, Microsoft Corporation, All Rights Reserved.
  Portions Copyright c 2006-2015, Eric Woodruff, All Rights Reserved.
  Applying XSL transformation &#39;C:\Program Files (x86)\EWSoftware\Sandcastle Help File Builder\ProductionTransforms\ReflectionToManifest.xsl&#39;.
Kompilowanie projektu &quot;C:\Users\Malin\ownCloud\Wasne\C#\Documentation\Help\Working\TransformManifest.proj&quot; wykonane (domylne elementy docelowe).

Kompilacja powioda si&#169;.

Czas, kt˘ry upynĄ: 00:00:00.67
    Last step completed in 00:00:00,8640
</buildStep>
<buildStep step="GenerateNamespaceSummaries">
Generating namespace summary information...
    Last step completed in 00:00:00,0040
</buildStep>
<buildStep step="CopyAdditionalContent">
Copying additional content files...
No additional content to copy
    Last step completed in 00:00:00,0000
</buildStep>
<buildStep step="MergeTablesOfContents">
Merging conceptual and additional tables of contents...
    Last step completed in 00:00:00,0000
</buildStep>
<buildStep step="GenerateIntermediateTableOfContents">
Generating intermediate table of contents file...
[C:\Windows\Microsoft.NET\Framework64\v4.0.30319\MSBuild.exe - GenerateIntermediateTOC.proj]
Kompilacja rozpocz&#169;a si&#169; 2015-12-13 18:44:46.
Projekt &quot;C:\Users\Malin\ownCloud\Wasne\C#\Documentation\Help\Working\GenerateIntermediateTOC.proj&quot; w w&#169;&#171;le 1 (domylne elementy docelowe).
Plik projektu zawiera wyraľenie ToolsVersion=&quot;12.0&quot;, kt˘re jest nieobsugiwane w tej wersji programu MSBuild. Projekt zostanie potraktowany, jakby zawiera wyraľenie ToolsVersion=&quot;4.0&quot;.
GenerateIntermediateTOC:
  XslTransform (v2015.10.10.0)
  Copyright c 2006-2015, Microsoft Corporation, All Rights Reserved.
  Portions Copyright c 2006-2015, Eric Woodruff, All Rights Reserved.
  Applying XSL transformation &#39;C:\Program Files (x86)\EWSoftware\Sandcastle Help File Builder\\ProductionTransforms\CreateVSToc.xsl&#39;.
Kompilowanie projektu &quot;C:\Users\Malin\ownCloud\Wasne\C#\Documentation\Help\Working\GenerateIntermediateTOC.proj&quot; wykonane (domylne elementy docelowe).

Kompilacja powioda si&#169;.

Czas, kt˘ry upynĄ: 00:00:00.10
Generating conceptual content intermediate TOC file...
    Last step completed in 00:00:00,3000
</buildStep>
<buildStep step="CreateBuildAssemblerConfigs">
Creating Sandcastle configuration files...
    sandcastle.config
    Last step completed in 00:00:00,0910
</buildStep>
<buildStep step="MergeCustomConfigs">
Merging custom build component configurations
C:\Users\Malin\ownCloud\Własne\C#\Documentation\Help\Working\sandcastle.config
    Last step completed in 00:00:00,0230
</buildStep>
<buildStep step="BuildReferenceTopics">
Building reference help topics...
[C:\Windows\Microsoft.NET\Framework64\v4.0.30319\MSBuild.exe - BuildReferenceTopics.proj]
Kompilacja rozpocz&#169;a si&#169; 2015-12-13 18:44:47.
Projekt &quot;C:\Users\Malin\ownCloud\Wasne\C#\Documentation\Help\Working\BuildReferenceTopics.proj&quot; w w&#169;&#171;le 1 (domylne elementy docelowe).
Plik projektu zawiera wyraľenie ToolsVersion=&quot;12.0&quot;, kt˘re jest nieobsugiwane w tej wersji programu MSBuild. Projekt zostanie potraktowany, jakby zawiera wyraľenie ToolsVersion=&quot;4.0&quot;.
BuildReferenceTopics:
  BuildAssembler (v2015.10.10.0)
  Copyright c 2006-2015, Microsoft Corporation, All Rights Reserved.
  Portions Copyright c 2006-2015, Eric Woodruff, All Rights Reserved.
  Loading configuration...
  Processing topics...
BuildAssembler : warning : ShowMissingComponent: [N:DataStructures.Exceptions] Missing &lt;summary&gt; documentation [C:\Users\Malin\ownCloud\Wasne\C#\Documentation\Help\Working\BuildReferenceTopics.proj]
BuildAssembler : warning : ShowMissingComponent: [T:DataStructures.Exceptions.InvalidArgumentException] Missing &lt;summary&gt; documentation [C:\Users\Malin\ownCloud\Wasne\C#\Documentation\Help\Working\BuildReferenceTopics.proj]
BuildAssembler : warning : ResolveReferenceLinksComponent: [T:DataStructures.Exceptions.InvalidArgumentException] MSDN URL not found for target &#39;P:System.Exception.IPForWatsonBuckets&#39;. [C:\Users\Malin\ownCloud\Wasne\C#\Documentation\Help\Working\BuildReferenceTopics.proj]
BuildAssembler : warning : ResolveReferenceLinksComponent: [T:DataStructures.Exceptions.InvalidArgumentException] MSDN URL not found for target &#39;P:System.Exception.IsTransient&#39;. [C:\Users\Malin\ownCloud\Wasne\C#\Documentation\Help\Working\BuildReferenceTopics.proj]
BuildAssembler : warning : ResolveReferenceLinksComponent: [T:DataStructures.Exceptions.InvalidArgumentException] MSDN URL not found for target &#39;P:System.Exception.RemoteStackTrace&#39;. [C:\Users\Malin\ownCloud\Wasne\C#\Documentation\Help\Working\BuildReferenceTopics.proj]
BuildAssembler : warning : ResolveReferenceLinksComponent: [T:DataStructures.Exceptions.InvalidArgumentException] MSDN URL not found for target &#39;P:System.Exception.WatsonBuckets&#39;. [C:\Users\Malin\ownCloud\Wasne\C#\Documentation\Help\Working\BuildReferenceTopics.proj]
BuildAssembler : warning : ResolveReferenceLinksComponent: [T:DataStructures.Exceptions.InvalidArgumentException] MSDN URL not found for target &#39;M:System.Exception.AddExceptionDataForRestrictedErrorInfo(System.String,System.String,System.String,System.Object,System.Boolean)&#39;. [C:\Users\Malin\ownCloud\Wasne\C#\Documentation\Help\Working\BuildReferenceTopics.proj]
BuildAssembler : warning : ResolveReferenceLinksComponent: [T:DataStructures.Exceptions.InvalidArgumentException] MSDN URL not found for target &#39;M:System.Exception.DeepCopyDynamicMethods(System.Object)&#39;. [C:\Users\Malin\ownCloud\Wasne\C#\Documentation\Help\Working\BuildReferenceTopics.proj]
BuildAssembler : warning : ResolveReferenceLinksComponent: [T:DataStructures.Exceptions.InvalidArgumentException] MSDN URL not found for target &#39;M:System.Exception.DeepCopyStackTrace(System.Object)&#39;. [C:\Users\Malin\ownCloud\Wasne\C#\Documentation\Help\Working\BuildReferenceTopics.proj]
BuildAssembler : warning : ResolveReferenceLinksComponent: [T:DataStructures.Exceptions.InvalidArgumentException] MSDN URL not found for target &#39;M:System.Exception.GetStackTracesDeepCopy(System.Object@,System.Object@)&#39;. [C:\Users\Malin\ownCloud\Wasne\C#\Documentation\Help\Working\BuildReferenceTopics.proj]
BuildAssembler : warning : ResolveReferenceLinksComponent: [T:DataStructures.Exceptions.InvalidArgumentException] MSDN URL not found for target &#39;M:System.Exception.InternalPreserveStackTrace&#39;. [C:\Users\Malin\ownCloud\Wasne\C#\Documentation\Help\Working\BuildReferenceTopics.proj]
BuildAssembler : warning : ResolveReferenceLinksComponent: [T:DataStructures.Exceptions.InvalidArgumentException] MSDN URL not found for target &#39;M:System.Exception.InternalToString&#39;. [C:\Users\Malin\ownCloud\Wasne\C#\Documentation\Help\Working\BuildReferenceTopics.proj]
BuildAssembler : warning : ResolveReferenceLinksComponent: [T:DataStructures.Exceptions.InvalidArgumentException] MSDN URL not found for target &#39;M:System.Exception.PrepForRemoting&#39;. [C:\Users\Malin\ownCloud\Wasne\C#\Documentation\Help\Working\BuildReferenceTopics.proj]
BuildAssembler : warning : ResolveReferenceLinksComponent: [T:DataStructures.Exceptions.InvalidArgumentException] MSDN URL not found for target &#39;M:System.Exception.RestoreExceptionDispatchInfo(System.Runtime.ExceptionServices.ExceptionDispatchInfo)&#39;. [C:\Users\Malin\ownCloud\Wasne\C#\Documentation\Help\Working\BuildReferenceTopics.proj]
BuildAssembler : warning : ResolveReferenceLinksComponent: [T:DataStructures.Exceptions.InvalidArgumentException] MSDN URL not found for target &#39;M:System.Exception.SetErrorCode(System.Int32)&#39;. [C:\Users\Malin\ownCloud\Wasne\C#\Documentation\Help\Working\BuildReferenceTopics.proj]
BuildAssembler : warning : ResolveReferenceLinksComponent: [T:DataStructures.Exceptions.InvalidArgumentException] MSDN URL not found for target &#39;M:System.Exception.TryGetRestrictedLanguageErrorObject(System.Object@)&#39;. [C:\Users\Malin\ownCloud\Wasne\C#\Documentation\Help\Working\BuildReferenceTopics.proj]
BuildAssembler : warning : ResolveReferenceLinksComponent: [T:DataStructures.Exceptions.InvalidArgumentException] MSDN URL not found for target &#39;F:System.Exception._HResult&#39;. [C:\Users\Malin\ownCloud\Wasne\C#\Documentation\Help\Working\BuildReferenceTopics.proj]
BuildAssembler : warning : ResolveReferenceLinksComponent: [T:DataStructures.Exceptions.InvalidArgumentException] MSDN URL not found for target &#39;F:System.Exception._message&#39;. [C:\Users\Malin\ownCloud\Wasne\C#\Documentation\Help\Working\BuildReferenceTopics.proj]
BuildAssembler : warning : ResolveReferenceLinksComponent: [Methods.T:DataStructures.Exceptions.InvalidArgumentException] MSDN URL not found for target &#39;M:System.Exception.AddExceptionDataForRestrictedErrorInfo(System.String,System.String,System.String,System.Object,System.Boolean)&#39;. [C:\Users\Malin\ownCloud\Wasne\C#\Documentation\Help\Working\BuildReferenceTopics.proj]
BuildAssembler : warning : ResolveReferenceLinksComponent: [Methods.T:DataStructures.Exceptions.InvalidArgumentException] MSDN URL not found for target &#39;M:System.Exception.DeepCopyDynamicMethods(System.Object)&#39;. [C:\Users\Malin\ownCloud\Wasne\C#\Documentation\Help\Working\BuildReferenceTopics.proj]
BuildAssembler : warning : ResolveReferenceLinksComponent: [Methods.T:DataStructures.Exceptions.InvalidArgumentException] MSDN URL not found for target &#39;M:System.Exception.DeepCopyStackTrace(System.Object)&#39;. [C:\Users\Malin\ownCloud\Wasne\C#\Documentation\Help\Working\BuildReferenceTopics.proj]
BuildAssembler : warning : ResolveReferenceLinksComponent: [Methods.T:DataStructures.Exceptions.InvalidArgumentException] MSDN URL not found for target &#39;M:System.Exception.GetStackTracesDeepCopy(System.Object@,System.Object@)&#39;. [C:\Users\Malin\ownCloud\Wasne\C#\Documentation\Help\Working\BuildReferenceTopics.proj]
BuildAssembler : warning : ResolveReferenceLinksComponent: [Methods.T:DataStructures.Exceptions.InvalidArgumentException] MSDN URL not found for target &#39;M:System.Exception.InternalPreserveStackTrace&#39;. [C:\Users\Malin\ownCloud\Wasne\C#\Documentation\Help\Working\BuildReferenceTopics.proj]
BuildAssembler : warning : ResolveReferenceLinksComponent: [Methods.T:DataStructures.Exceptions.InvalidArgumentException] MSDN URL not found for target &#39;M:System.Exception.InternalToString&#39;. [C:\Users\Malin\ownCloud\Wasne\C#\Documentation\Help\Working\BuildReferenceTopics.proj]
BuildAssembler : warning : ResolveReferenceLinksComponent: [Methods.T:DataStructures.Exceptions.InvalidArgumentException] MSDN URL not found for target &#39;M:System.Exception.PrepForRemoting&#39;. [C:\Users\Malin\ownCloud\Wasne\C#\Documentation\Help\Working\BuildReferenceTopics.proj]
BuildAssembler : warning : ResolveReferenceLinksComponent: [Methods.T:DataStructures.Exceptions.InvalidArgumentException] MSDN URL not found for target &#39;M:System.Exception.RestoreExceptionDispatchInfo(System.Runtime.ExceptionServices.ExceptionDispatchInfo)&#39;. [C:\Users\Malin\ownCloud\Wasne\C#\Documentation\Help\Working\BuildReferenceTopics.proj]
BuildAssembler : warning : ResolveReferenceLinksComponent: [Methods.T:DataStructures.Exceptions.InvalidArgumentException] MSDN URL not found for target &#39;M:System.Exception.SetErrorCode(System.Int32)&#39;. [C:\Users\Malin\ownCloud\Wasne\C#\Documentation\Help\Working\BuildReferenceTopics.proj]
BuildAssembler : warning : ResolveReferenceLinksComponent: [Methods.T:DataStructures.Exceptions.InvalidArgumentException] MSDN URL not found for target &#39;M:System.Exception.TryGetRestrictedLanguageErrorObject(System.Object@)&#39;. [C:\Users\Malin\ownCloud\Wasne\C#\Documentation\Help\Working\BuildReferenceTopics.proj]
BuildAssembler : warning : ResolveReferenceLinksComponent: [Properties.T:DataStructures.Exceptions.InvalidArgumentException] MSDN URL not found for target &#39;P:System.Exception.IPForWatsonBuckets&#39;. [C:\Users\Malin\ownCloud\Wasne\C#\Documentation\Help\Working\BuildReferenceTopics.proj]
BuildAssembler : warning : ResolveReferenceLinksComponent: [Properties.T:DataStructures.Exceptions.InvalidArgumentException] MSDN URL not found for target &#39;P:System.Exception.IsTransient&#39;. [C:\Users\Malin\ownCloud\Wasne\C#\Documentation\Help\Working\BuildReferenceTopics.proj]
BuildAssembler : warning : ResolveReferenceLinksComponent: [Properties.T:DataStructures.Exceptions.InvalidArgumentException] MSDN URL not found for target &#39;P:System.Exception.RemoteStackTrace&#39;. [C:\Users\Malin\ownCloud\Wasne\C#\Documentation\Help\Working\BuildReferenceTopics.proj]
BuildAssembler : warning : ResolveReferenceLinksComponent: [Properties.T:DataStructures.Exceptions.InvalidArgumentException] MSDN URL not found for target &#39;P:System.Exception.WatsonBuckets&#39;. [C:\Users\Malin\ownCloud\Wasne\C#\Documentation\Help\Working\BuildReferenceTopics.proj]
BuildAssembler : warning : ResolveReferenceLinksComponent: [Fields.T:DataStructures.Exceptions.InvalidArgumentException] MSDN URL not found for target &#39;F:System.Exception._HResult&#39;. [C:\Users\Malin\ownCloud\Wasne\C#\Documentation\Help\Working\BuildReferenceTopics.proj]
BuildAssembler : warning : ResolveReferenceLinksComponent: [Fields.T:DataStructures.Exceptions.InvalidArgumentException] MSDN URL not found for target &#39;F:System.Exception._message&#39;. [C:\Users\Malin\ownCloud\Wasne\C#\Documentation\Help\Working\BuildReferenceTopics.proj]
BuildAssembler : warning : ShowMissingComponent: [M:DataStructures.Exceptions.InvalidArgumentException.#ctor(System.String)] Missing &lt;param name=&quot;message&quot;/&gt; documentation [C:\Users\Malin\ownCloud\Wasne\C#\Documentation\Help\Working\BuildReferenceTopics.proj]
BuildAssembler : warning : ShowMissingComponent: [N:DataStructures.Graphs] Missing &lt;summary&gt; documentation [C:\Users\Malin\ownCloud\Wasne\C#\Documentation\Help\Working\BuildReferenceTopics.proj]
BuildAssembler : warning : ShowMissingComponent: [M:DataStructures.Graphs.AdjencyListVertex`1.Neighbors] Missing &lt;returns&gt; documentation [C:\Users\Malin\ownCloud\Wasne\C#\Documentation\Help\Working\BuildReferenceTopics.proj]
BuildAssembler : warning : ShowMissingComponent: [M:DataStructures.Graphs.AdjencyListVertex`1.System#Collections#IEnumerable#GetEnumerator] Missing &lt;summary&gt; documentation [C:\Users\Malin\ownCloud\Wasne\C#\Documentation\Help\Working\BuildReferenceTopics.proj]
BuildAssembler : warning : ShowMissingComponent: [M:DataStructures.Graphs.AdjencyListVertex`1.System#Collections#IEnumerable#GetEnumerator] Missing &lt;returns&gt; documentation [C:\Users\Malin\ownCloud\Wasne\C#\Documentation\Help\Working\BuildReferenceTopics.proj]
BuildAssembler : warning : ShowMissingComponent: [M:DataStructures.Graphs.SimplestListGraph`1.#ctor(DataStructures.Graphs.SimplestListGraph{`0})] Missing &lt;param name=&quot;graph&quot;/&gt; documentation [C:\Users\Malin\ownCloud\Wasne\C#\Documentation\Help\Working\BuildReferenceTopics.proj]
BuildAssembler : warning : ShowMissingComponent: [F:DataStructures.Graphs.SimplestListGraph`1._vertices] Missing &lt;summary&gt; documentation [C:\Users\Malin\ownCloud\Wasne\C#\Documentation\Help\Working\BuildReferenceTopics.proj]
BuildAssembler : warning : ShowMissingComponent: [M:DataStructures.Graphs.SimplestListGraph`1.Add(DataStructures.Graphs.Interfaces.IEdge{`0})] Missing &lt;summary&gt; documentation [C:\Users\Malin\ownCloud\Wasne\C#\Documentation\Help\Working\BuildReferenceTopics.proj]
BuildAssembler : warning : ShowMissingComponent: [M:DataStructures.Graphs.SimplestListGraph`1.Add(DataStructures.Graphs.Interfaces.IEdge{`0})] Missing &lt;param name=&quot;edge&quot;/&gt; documentation [C:\Users\Malin\ownCloud\Wasne\C#\Documentation\Help\Working\BuildReferenceTopics.proj]
BuildAssembler : warning : ShowMissingComponent: [M:DataStructures.Graphs.SimplestListGraph`1.Add(DataStructures.Graphs.Interfaces.IVertex{`0})] Missing &lt;summary&gt; documentation [C:\Users\Malin\ownCloud\Wasne\C#\Documentation\Help\Working\BuildReferenceTopics.proj]
BuildAssembler : warning : ShowMissingComponent: [M:DataStructures.Graphs.SimplestListGraph`1.Add(DataStructures.Graphs.Interfaces.IVertex{`0})] Missing &lt;param name=&quot;vertex&quot;/&gt; documentation [C:\Users\Malin\ownCloud\Wasne\C#\Documentation\Help\Working\BuildReferenceTopics.proj]
BuildAssembler : warning : ShowMissingComponent: [M:DataStructures.Graphs.SimplestListGraph`1.Connect(DataStructures.Graphs.Interfaces.IVertex{`0},DataStructures.Graphs.Interfaces.IVertex{`0})] Missing &lt;summary&gt; documentation [C:\Users\Malin\ownCloud\Wasne\C#\Documentation\Help\Working\BuildReferenceTopics.proj]
BuildAssembler : warning : ShowMissingComponent: [M:DataStructures.Graphs.SimplestListGraph`1.Connect(DataStructures.Graphs.Interfaces.IVertex{`0},DataStructures.Graphs.Interfaces.IVertex{`0})] Missing &lt;returns&gt; documentation [C:\Users\Malin\ownCloud\Wasne\C#\Documentation\Help\Working\BuildReferenceTopics.proj]
BuildAssembler : warning : ShowMissingComponent: [M:DataStructures.Graphs.SimplestListGraph`1.Connect(DataStructures.Graphs.Interfaces.IVertex{`0},DataStructures.Graphs.Interfaces.IVertex{`0})] Missing &lt;param name=&quot;vertex1&quot;/&gt; documentation [C:\Users\Malin\ownCloud\Wasne\C#\Documentation\Help\Working\BuildReferenceTopics.proj]
BuildAssembler : warning : ShowMissingComponent: [M:DataStructures.Graphs.SimplestListGraph`1.Connect(DataStructures.Graphs.Interfaces.IVertex{`0},DataStructures.Graphs.Interfaces.IVertex{`0})] Missing &lt;param name=&quot;vertex2&quot;/&gt; documentation [C:\Users\Malin\ownCloud\Wasne\C#\Documentation\Help\Working\BuildReferenceTopics.proj]
BuildAssembler : warning : ShowMissingComponent: [M:DataStructures.Graphs.SimplestListGraph`1.Degree(DataStructures.Graphs.Interfaces.IVertex{`0})] Missing &lt;summary&gt; documentation [C:\Users\Malin\ownCloud\Wasne\C#\Documentation\Help\Working\BuildReferenceTopics.proj]
BuildAssembler : warning : ShowMissingComponent: [M:DataStructures.Graphs.SimplestListGraph`1.Degree(DataStructures.Graphs.Interfaces.IVertex{`0})] Missing &lt;returns&gt; documentation [C:\Users\Malin\ownCloud\Wasne\C#\Documentation\Help\Working\BuildReferenceTopics.proj]
BuildAssembler : warning : ShowMissingComponent: [M:DataStructures.Graphs.SimplestListGraph`1.Degree(DataStructures.Graphs.Interfaces.IVertex{`0})] Missing &lt;param name=&quot;vertex&quot;/&gt; documentation [C:\Users\Malin\ownCloud\Wasne\C#\Documentation\Help\Working\BuildReferenceTopics.proj]
BuildAssembler : warning : ShowMissingComponent: [P:DataStructures.Graphs.SimplestListGraph`1.EdgesCount] Missing &lt;summary&gt; documentation [C:\Users\Malin\ownCloud\Wasne\C#\Documentation\Help\Working\BuildReferenceTopics.proj]
BuildAssembler : warning : ShowMissingComponent: [M:DataStructures.Graphs.SimplestListGraph`1.GetEnumerator] Missing &lt;summary&gt; documentation [C:\Users\Malin\ownCloud\Wasne\C#\Documentation\Help\Working\BuildReferenceTopics.proj]
BuildAssembler : warning : ShowMissingComponent: [M:DataStructures.Graphs.SimplestListGraph`1.GetEnumerator] Missing &lt;returns&gt; documentation [C:\Users\Malin\ownCloud\Wasne\C#\Documentation\Help\Working\BuildReferenceTopics.proj]
BuildAssembler : warning : ShowMissingComponent: [M:DataStructures.Graphs.SimplestListGraph`1.Remove(DataStructures.Graphs.Interfaces.IEdge{`0})] Missing &lt;summary&gt; documentation [C:\Users\Malin\ownCloud\Wasne\C#\Documentation\Help\Working\BuildReferenceTopics.proj]
BuildAssembler : warning : ShowMissingComponent: [M:DataStructures.Graphs.SimplestListGraph`1.Remove(DataStructures.Graphs.Interfaces.IEdge{`0})] Missing &lt;returns&gt; documentation [C:\Users\Malin\ownCloud\Wasne\C#\Documentation\Help\Working\BuildReferenceTopics.proj]
BuildAssembler : warning : ShowMissingComponent: [M:DataStructures.Graphs.SimplestListGraph`1.Remove(DataStructures.Graphs.Interfaces.IEdge{`0})] Missing &lt;param name=&quot;edge&quot;/&gt; documentation [C:\Users\Malin\ownCloud\Wasne\C#\Documentation\Help\Working\BuildReferenceTopics.proj]
BuildAssembler : warning : ShowMissingComponent: [M:DataStructures.Graphs.SimplestListGraph`1.Remove(DataStructures.Graphs.Interfaces.IVertex{`0})] Missing &lt;summary&gt; documentation [C:\Users\Malin\ownCloud\Wasne\C#\Documentation\Help\Working\BuildReferenceTopics.proj]
BuildAssembler : warning : ShowMissingComponent: [M:DataStructures.Graphs.SimplestListGraph`1.Remove(DataStructures.Graphs.Interfaces.IVertex{`0})] Missing &lt;returns&gt; documentation [C:\Users\Malin\ownCloud\Wasne\C#\Documentation\Help\Working\BuildReferenceTopics.proj]
BuildAssembler : warning : ShowMissingComponent: [M:DataStructures.Graphs.SimplestListGraph`1.Remove(DataStructures.Graphs.Interfaces.IVertex{`0})] Missing &lt;param name=&quot;vertex&quot;/&gt; documentation [C:\Users\Malin\ownCloud\Wasne\C#\Documentation\Help\Working\BuildReferenceTopics.proj]
BuildAssembler : warning : ShowMissingComponent: [M:DataStructures.Graphs.SimplestListGraph`1.SortedEdges] Missing &lt;summary&gt; documentation [C:\Users\Malin\ownCloud\Wasne\C#\Documentation\Help\Working\BuildReferenceTopics.proj]
BuildAssembler : warning : ShowMissingComponent: [M:DataStructures.Graphs.SimplestListGraph`1.SortedEdges] Missing &lt;returns&gt; documentation [C:\Users\Malin\ownCloud\Wasne\C#\Documentation\Help\Working\BuildReferenceTopics.proj]
BuildAssembler : warning : ShowMissingComponent: [M:DataStructures.Graphs.SimplestListGraph`1.SortedVertices] Missing &lt;summary&gt; documentation [C:\Users\Malin\ownCloud\Wasne\C#\Documentation\Help\Working\BuildReferenceTopics.proj]
BuildAssembler : warning : ShowMissingComponent: [M:DataStructures.Graphs.SimplestListGraph`1.SortedVertices] Missing &lt;returns&gt; documentation [C:\Users\Malin\ownCloud\Wasne\C#\Documentation\Help\Working\BuildReferenceTopics.proj]
BuildAssembler : warning : ShowMissingComponent: [P:DataStructures.Graphs.SimplestListGraph`1.VerticesCount] Missing &lt;summary&gt; documentation [C:\Users\Malin\ownCloud\Wasne\C#\Documentation\Help\Working\BuildReferenceTopics.proj]
BuildAssembler : warning : ShowMissingComponent: [N:DataStructures.Graphs.Interfaces] Missing &lt;summary&gt; documentation [C:\Users\Malin\ownCloud\Wasne\C#\Documentation\Help\Working\BuildReferenceTopics.proj]
BuildAssembler : warning : ShowMissingComponent: [M:DataStructures.Graphs.Interfaces.AbstractGraph`1.adjency(DataStructures.Graphs.Interfaces.IVertex{`0})] Missing &lt;param name=&quot;vertex&quot;/&gt; documentation [C:\Users\Malin\ownCloud\Wasne\C#\Documentation\Help\Working\BuildReferenceTopics.proj]
BuildAssembler : warning : ShowMissingComponent: [M:DataStructures.Graphs.Interfaces.AbstractGraph`1.System#Collections#IEnumerable#GetEnumerator] Missing &lt;summary&gt; documentation [C:\Users\Malin\ownCloud\Wasne\C#\Documentation\Help\Working\BuildReferenceTopics.proj]
BuildAssembler : warning : ShowMissingComponent: [M:DataStructures.Graphs.Interfaces.AbstractGraph`1.System#Collections#IEnumerable#GetEnumerator] Missing &lt;returns&gt; documentation [C:\Users\Malin\ownCloud\Wasne\C#\Documentation\Help\Working\BuildReferenceTopics.proj]
BuildAssembler : warning : ShowMissingComponent: [T:DataStructures.Graphs.Interfaces.IDirectedEdge`1] Missing &lt;summary&gt; documentation [C:\Users\Malin\ownCloud\Wasne\C#\Documentation\Help\Working\BuildReferenceTopics.proj]
BuildAssembler : warning : ShowMissingComponent: [T:DataStructures.Graphs.Interfaces.IDirectedEdge`1] Missing &lt;typeparam name=&quot;T&quot;/&gt; documentation [C:\Users\Malin\ownCloud\Wasne\C#\Documentation\Help\Working\BuildReferenceTopics.proj]
BuildAssembler : warning : ShowMissingComponent: [P:DataStructures.Graphs.Interfaces.IDirectedEdge`1.EdgeDirection] Missing &lt;summary&gt; documentation [C:\Users\Malin\ownCloud\Wasne\C#\Documentation\Help\Working\BuildReferenceTopics.proj]
BuildAssembler : warning : ShowMissingComponent: [T:DataStructures.Graphs.Interfaces.IDirectedGraph`2] Missing &lt;summary&gt; documentation [C:\Users\Malin\ownCloud\Wasne\C#\Documentation\Help\Working\BuildReferenceTopics.proj]
BuildAssembler : warning : ShowMissingComponent: [T:DataStructures.Graphs.Interfaces.IDirectedGraph`2] Missing &lt;typeparam name=&quot;T1&quot;/&gt; documentation [C:\Users\Malin\ownCloud\Wasne\C#\Documentation\Help\Working\BuildReferenceTopics.proj]
BuildAssembler : warning : ShowMissingComponent: [T:DataStructures.Graphs.Interfaces.IDirectedGraph`2] Missing &lt;typeparam name=&quot;T2&quot;/&gt; documentation [C:\Users\Malin\ownCloud\Wasne\C#\Documentation\Help\Working\BuildReferenceTopics.proj]
BuildAssembler : warning : ShowMissingComponent: [T:DataStructures.Graphs.Interfaces.IGraph`1] Missing &lt;summary&gt; documentation [C:\Users\Malin\ownCloud\Wasne\C#\Documentation\Help\Working\BuildReferenceTopics.proj]
BuildAssembler : warning : ShowMissingComponent: [T:DataStructures.Graphs.Interfaces.IGraph`1] Missing &lt;typeparam name=&quot;T&quot;/&gt; documentation [C:\Users\Malin\ownCloud\Wasne\C#\Documentation\Help\Working\BuildReferenceTopics.proj]
BuildAssembler : warning : ShowMissingComponent: [M:DataStructures.Graphs.Interfaces.IGraph`1.adjency(DataStructures.Graphs.Interfaces.IVertex{`0})] Missing &lt;summary&gt; documentation [C:\Users\Malin\ownCloud\Wasne\C#\Documentation\Help\Working\BuildReferenceTopics.proj]
BuildAssembler : warning : ShowMissingComponent: [M:DataStructures.Graphs.Interfaces.IGraph`1.adjency(DataStructures.Graphs.Interfaces.IVertex{`0})] Missing &lt;returns&gt; documentation [C:\Users\Malin\ownCloud\Wasne\C#\Documentation\Help\Working\BuildReferenceTopics.proj]
BuildAssembler : warning : ShowMissingComponent: [M:DataStructures.Graphs.Interfaces.IGraph`1.adjency(DataStructures.Graphs.Interfaces.IVertex{`0})] Missing &lt;param name=&quot;vertex&quot;/&gt; documentation [C:\Users\Malin\ownCloud\Wasne\C#\Documentation\Help\Working\BuildReferenceTopics.proj]
BuildAssembler : warning : ShowMissingComponent: [P:DataStructures.Graphs.Interfaces.IGraph`1.EdgesCount] Missing &lt;summary&gt; documentation [C:\Users\Malin\ownCloud\Wasne\C#\Documentation\Help\Working\BuildReferenceTopics.proj]
BuildAssembler : warning : ShowMissingComponent: [P:DataStructures.Graphs.Interfaces.IGraph`1.VerticesCount] Missing &lt;summary&gt; documentation [C:\Users\Malin\ownCloud\Wasne\C#\Documentation\Help\Working\BuildReferenceTopics.proj]
BuildAssembler : warning : ShowMissingComponent: [M:DataStructures.Graphs.Interfaces.IVertex`1.Neighbors] Missing &lt;summary&gt; documentation [C:\Users\Malin\ownCloud\Wasne\C#\Documentation\Help\Working\BuildReferenceTopics.proj]
BuildAssembler : warning : ShowMissingComponent: [M:DataStructures.Graphs.Interfaces.IVertex`1.Neighbors] Missing &lt;returns&gt; documentation [C:\Users\Malin\ownCloud\Wasne\C#\Documentation\Help\Working\BuildReferenceTopics.proj]
BuildAssembler : warning : ShowMissingComponent: [T:DataStructures.Graphs.Interfaces.IWeightedEdge`2] Missing &lt;summary&gt; documentation [C:\Users\Malin\ownCloud\Wasne\C#\Documentation\Help\Working\BuildReferenceTopics.proj]
BuildAssembler : warning : ShowMissingComponent: [T:DataStructures.Graphs.Interfaces.IWeightedEdge`2] Missing &lt;typeparam name=&quot;T0&quot;/&gt; documentation [C:\Users\Malin\ownCloud\Wasne\C#\Documentation\Help\Working\BuildReferenceTopics.proj]
BuildAssembler : warning : ShowMissingComponent: [T:DataStructures.Graphs.Interfaces.IWeightedEdge`2] Missing &lt;typeparam name=&quot;T1&quot;/&gt; documentation [C:\Users\Malin\ownCloud\Wasne\C#\Documentation\Help\Working\BuildReferenceTopics.proj]
BuildAssembler : warning : ShowMissingComponent: [P:DataStructures.Graphs.Interfaces.IWeightedEdge`2.Weight] Missing &lt;summary&gt; documentation [C:\Users\Malin\ownCloud\Wasne\C#\Documentation\Help\Working\BuildReferenceTopics.proj]
BuildAssembler : warning : ShowMissingComponent: [T:DataStructures.Graphs.Interfaces.IWeightedGraph`2] Missing &lt;summary&gt; documentation [C:\Users\Malin\ownCloud\Wasne\C#\Documentation\Help\Working\BuildReferenceTopics.proj]
BuildAssembler : warning : ShowMissingComponent: [T:DataStructures.Graphs.Interfaces.IWeightedGraph`2] Missing &lt;typeparam name=&quot;T1&quot;/&gt; documentation [C:\Users\Malin\ownCloud\Wasne\C#\Documentation\Help\Working\BuildReferenceTopics.proj]
BuildAssembler : warning : ShowMissingComponent: [T:DataStructures.Graphs.Interfaces.IWeightedGraph`2] Missing &lt;typeparam name=&quot;T2&quot;/&gt; documentation [C:\Users\Malin\ownCloud\Wasne\C#\Documentation\Help\Working\BuildReferenceTopics.proj]
BuildAssembler : warning : ShowMissingComponent: [G:DataStructures.Graphs] Missing &lt;summary&gt; documentation [C:\Users\Malin\ownCloud\Wasne\C#\Documentation\Help\Working\BuildReferenceTopics.proj]
  Processed 98 topic(s)
  93 warning(s)
  CopyFromIndexComponent: &quot;reflection&quot; in-memory cache entries used: 4 of 15.
  CopyFromIndexComponent: &quot;comments&quot; in-memory cache entries used: 2 of 30.
  ResolveReferenceLinksComponent: New MSDN content ID cache size: 71 entries
Kompilowanie projektu &quot;C:\Users\Malin\ownCloud\Wasne\C#\Documentation\Help\Working\BuildReferenceTopics.proj&quot; wykonane (domylne elementy docelowe).

Kompilacja powioda si&#169;.

Czas, kt˘ry upynĄ: 00:00:36.82
    Last step completed in 00:00:37,0971
</buildStep>
<buildStep step="CombiningIntermediateTocFiles">
Combining conceptual and API intermediate TOC files...
    Last step completed in 00:00:00,0020
</buildStep>
<buildStep step="ExtractingHtmlInfo">
Extracting HTML info for HTML Help 1 and/or website...
[C:\Windows\Microsoft.NET\Framework64\v4.0.30319\MSBuild.exe - ExtractHtmlInfo.proj]
Plik projektu zawiera wyraľenie ToolsVersion=&quot;12.0&quot;, kt˘re jest nieobsugiwane w tej wersji programu MSBuild. Projekt zostanie potraktowany, jakby zawiera wyraľenie ToolsVersion=&quot;4.0&quot;.
Sandcastle Help File Builder and Tools, version 2015.10.10.0
Copyright c 2006-2015, Eric Woodruff, All Rights Reserved
E-Mail: Eric@EWoodruff.us

Using LCID &#39;1033&#39;, code page &#39;65001&#39;, encoding charset &#39;UTF-8&#39;.

Processing website files in C:\Users\Malin\ownCloud\Wasne\C#\Documentation\Help\Working\Output\Website
Processed 98 HTML files
Sorting keywords and generating See Also indices
Saving website keyword index to C:\Users\Malin\ownCloud\Wasne\C#\Documentation\Help\Working\WebKI.xml
Saving website table of contents to C:\Users\Malin\ownCloud\Wasne\C#\Documentation\Help\Working\WebTOC.xml
    Last step completed in 00:00:00,8961
</buildStep>
<buildStep step="CopyStandardHelpContent">
Copying standard help content...
C:\Program Files (x86)\EWSoftware\Sandcastle Help File Builder\PresentationStyles\VS2013\icons\AlertCaution.png -&gt; C:\Users\Malin\ownCloud\Własne\C#\Documentation\Help\Working\Output\Website\icons\AlertCaution.png
C:\Program Files (x86)\EWSoftware\Sandcastle Help File Builder\PresentationStyles\VS2013\icons\AlertNote.png -&gt; C:\Users\Malin\ownCloud\Własne\C#\Documentation\Help\Working\Output\Website\icons\AlertNote.png
C:\Program Files (x86)\EWSoftware\Sandcastle Help File Builder\PresentationStyles\VS2013\icons\AlertSecurity.png -&gt; C:\Users\Malin\ownCloud\Własne\C#\Documentation\Help\Working\Output\Website\icons\AlertSecurity.png
C:\Program Files (x86)\EWSoftware\Sandcastle Help File Builder\PresentationStyles\VS2013\icons\CFW.gif -&gt; C:\Users\Malin\ownCloud\Własne\C#\Documentation\Help\Working\Output\Website\icons\CFW.gif
C:\Program Files (x86)\EWSoftware\Sandcastle Help File Builder\PresentationStyles\VS2013\icons\CodeExample.png -&gt; C:\Users\Malin\ownCloud\Własne\C#\Documentation\Help\Working\Output\Website\icons\CodeExample.png
C:\Program Files (x86)\EWSoftware\Sandcastle Help File Builder\PresentationStyles\VS2013\icons\favicon.ico -&gt; C:\Users\Malin\ownCloud\Własne\C#\Documentation\Help\Working\Output\Website\icons\favicon.ico
C:\Program Files (x86)\EWSoftware\Sandcastle Help File Builder\PresentationStyles\VS2013\icons\privclass.gif -&gt; C:\Users\Malin\ownCloud\Własne\C#\Documentation\Help\Working\Output\Website\icons\privclass.gif
C:\Program Files (x86)\EWSoftware\Sandcastle Help File Builder\PresentationStyles\VS2013\icons\privdelegate.gif -&gt; C:\Users\Malin\ownCloud\Własne\C#\Documentation\Help\Working\Output\Website\icons\privdelegate.gif
C:\Program Files (x86)\EWSoftware\Sandcastle Help File Builder\PresentationStyles\VS2013\icons\privenumeration.gif -&gt; C:\Users\Malin\ownCloud\Własne\C#\Documentation\Help\Working\Output\Website\icons\privenumeration.gif
C:\Program Files (x86)\EWSoftware\Sandcastle Help File Builder\PresentationStyles\VS2013\icons\privevent.gif -&gt; C:\Users\Malin\ownCloud\Własne\C#\Documentation\Help\Working\Output\Website\icons\privevent.gif
C:\Program Files (x86)\EWSoftware\Sandcastle Help File Builder\PresentationStyles\VS2013\icons\privextension.gif -&gt; C:\Users\Malin\ownCloud\Własne\C#\Documentation\Help\Working\Output\Website\icons\privextension.gif
C:\Program Files (x86)\EWSoftware\Sandcastle Help File Builder\PresentationStyles\VS2013\icons\privfield.gif -&gt; C:\Users\Malin\ownCloud\Własne\C#\Documentation\Help\Working\Output\Website\icons\privfield.gif
C:\Program Files (x86)\EWSoftware\Sandcastle Help File Builder\PresentationStyles\VS2013\icons\privinterface.gif -&gt; C:\Users\Malin\ownCloud\Własne\C#\Documentation\Help\Working\Output\Website\icons\privinterface.gif
C:\Program Files (x86)\EWSoftware\Sandcastle Help File Builder\PresentationStyles\VS2013\icons\privmethod.gif -&gt; C:\Users\Malin\ownCloud\Własne\C#\Documentation\Help\Working\Output\Website\icons\privmethod.gif
C:\Program Files (x86)\EWSoftware\Sandcastle Help File Builder\PresentationStyles\VS2013\icons\privproperty.gif -&gt; C:\Users\Malin\ownCloud\Własne\C#\Documentation\Help\Working\Output\Website\icons\privproperty.gif
C:\Program Files (x86)\EWSoftware\Sandcastle Help File Builder\PresentationStyles\VS2013\icons\privstructure.gif -&gt; C:\Users\Malin\ownCloud\Własne\C#\Documentation\Help\Working\Output\Website\icons\privstructure.gif
C:\Program Files (x86)\EWSoftware\Sandcastle Help File Builder\PresentationStyles\VS2013\icons\protclass.gif -&gt; C:\Users\Malin\ownCloud\Własne\C#\Documentation\Help\Working\Output\Website\icons\protclass.gif
C:\Program Files (x86)\EWSoftware\Sandcastle Help File Builder\PresentationStyles\VS2013\icons\protdelegate.gif -&gt; C:\Users\Malin\ownCloud\Własne\C#\Documentation\Help\Working\Output\Website\icons\protdelegate.gif
C:\Program Files (x86)\EWSoftware\Sandcastle Help File Builder\PresentationStyles\VS2013\icons\protenumeration.gif -&gt; C:\Users\Malin\ownCloud\Własne\C#\Documentation\Help\Working\Output\Website\icons\protenumeration.gif
C:\Program Files (x86)\EWSoftware\Sandcastle Help File Builder\PresentationStyles\VS2013\icons\protevent.gif -&gt; C:\Users\Malin\ownCloud\Własne\C#\Documentation\Help\Working\Output\Website\icons\protevent.gif
C:\Program Files (x86)\EWSoftware\Sandcastle Help File Builder\PresentationStyles\VS2013\icons\protextension.gif -&gt; C:\Users\Malin\ownCloud\Własne\C#\Documentation\Help\Working\Output\Website\icons\protextension.gif
C:\Program Files (x86)\EWSoftware\Sandcastle Help File Builder\PresentationStyles\VS2013\icons\protfield.gif -&gt; C:\Users\Malin\ownCloud\Własne\C#\Documentation\Help\Working\Output\Website\icons\protfield.gif
C:\Program Files (x86)\EWSoftware\Sandcastle Help File Builder\PresentationStyles\VS2013\icons\protinterface.gif -&gt; C:\Users\Malin\ownCloud\Własne\C#\Documentation\Help\Working\Output\Website\icons\protinterface.gif
C:\Program Files (x86)\EWSoftware\Sandcastle Help File Builder\PresentationStyles\VS2013\icons\protmethod.gif -&gt; C:\Users\Malin\ownCloud\Własne\C#\Documentation\Help\Working\Output\Website\icons\protmethod.gif
C:\Program Files (x86)\EWSoftware\Sandcastle Help File Builder\PresentationStyles\VS2013\icons\protoperator.gif -&gt; C:\Users\Malin\ownCloud\Własne\C#\Documentation\Help\Working\Output\Website\icons\protoperator.gif
C:\Program Files (x86)\EWSoftware\Sandcastle Help File Builder\PresentationStyles\VS2013\icons\protproperty.gif -&gt; C:\Users\Malin\ownCloud\Własne\C#\Documentation\Help\Working\Output\Website\icons\protproperty.gif
C:\Program Files (x86)\EWSoftware\Sandcastle Help File Builder\PresentationStyles\VS2013\icons\protstructure.gif -&gt; C:\Users\Malin\ownCloud\Własne\C#\Documentation\Help\Working\Output\Website\icons\protstructure.gif
C:\Program Files (x86)\EWSoftware\Sandcastle Help File Builder\PresentationStyles\VS2013\icons\pubclass.gif -&gt; C:\Users\Malin\ownCloud\Własne\C#\Documentation\Help\Working\Output\Website\icons\pubclass.gif
C:\Program Files (x86)\EWSoftware\Sandcastle Help File Builder\PresentationStyles\VS2013\icons\pubdelegate.gif -&gt; C:\Users\Malin\ownCloud\Własne\C#\Documentation\Help\Working\Output\Website\icons\pubdelegate.gif
C:\Program Files (x86)\EWSoftware\Sandcastle Help File Builder\PresentationStyles\VS2013\icons\pubenumeration.gif -&gt; C:\Users\Malin\ownCloud\Własne\C#\Documentation\Help\Working\Output\Website\icons\pubenumeration.gif
C:\Program Files (x86)\EWSoftware\Sandcastle Help File Builder\PresentationStyles\VS2013\icons\pubevent.gif -&gt; C:\Users\Malin\ownCloud\Własne\C#\Documentation\Help\Working\Output\Website\icons\pubevent.gif
C:\Program Files (x86)\EWSoftware\Sandcastle Help File Builder\PresentationStyles\VS2013\icons\pubextension.gif -&gt; C:\Users\Malin\ownCloud\Własne\C#\Documentation\Help\Working\Output\Website\icons\pubextension.gif
C:\Program Files (x86)\EWSoftware\Sandcastle Help File Builder\PresentationStyles\VS2013\icons\pubfield.gif -&gt; C:\Users\Malin\ownCloud\Własne\C#\Documentation\Help\Working\Output\Website\icons\pubfield.gif
C:\Program Files (x86)\EWSoftware\Sandcastle Help File Builder\PresentationStyles\VS2013\icons\pubinterface.gif -&gt; C:\Users\Malin\ownCloud\Własne\C#\Documentation\Help\Working\Output\Website\icons\pubinterface.gif
C:\Program Files (x86)\EWSoftware\Sandcastle Help File Builder\PresentationStyles\VS2013\icons\pubmethod.gif -&gt; C:\Users\Malin\ownCloud\Własne\C#\Documentation\Help\Working\Output\Website\icons\pubmethod.gif
C:\Program Files (x86)\EWSoftware\Sandcastle Help File Builder\PresentationStyles\VS2013\icons\puboperator.gif -&gt; C:\Users\Malin\ownCloud\Własne\C#\Documentation\Help\Working\Output\Website\icons\puboperator.gif
C:\Program Files (x86)\EWSoftware\Sandcastle Help File Builder\PresentationStyles\VS2013\icons\pubproperty.gif -&gt; C:\Users\Malin\ownCloud\Własne\C#\Documentation\Help\Working\Output\Website\icons\pubproperty.gif
C:\Program Files (x86)\EWSoftware\Sandcastle Help File Builder\PresentationStyles\VS2013\icons\pubstructure.gif -&gt; C:\Users\Malin\ownCloud\Własne\C#\Documentation\Help\Working\Output\Website\icons\pubstructure.gif
C:\Program Files (x86)\EWSoftware\Sandcastle Help File Builder\PresentationStyles\VS2013\icons\SectionCollapsed.png -&gt; C:\Users\Malin\ownCloud\Własne\C#\Documentation\Help\Working\Output\Website\icons\SectionCollapsed.png
C:\Program Files (x86)\EWSoftware\Sandcastle Help File Builder\PresentationStyles\VS2013\icons\SectionExpanded.png -&gt; C:\Users\Malin\ownCloud\Własne\C#\Documentation\Help\Working\Output\Website\icons\SectionExpanded.png
C:\Program Files (x86)\EWSoftware\Sandcastle Help File Builder\PresentationStyles\VS2013\icons\slMobile.gif -&gt; C:\Users\Malin\ownCloud\Własne\C#\Documentation\Help\Working\Output\Website\icons\slMobile.gif
C:\Program Files (x86)\EWSoftware\Sandcastle Help File Builder\PresentationStyles\VS2013\icons\static.gif -&gt; C:\Users\Malin\ownCloud\Własne\C#\Documentation\Help\Working\Output\Website\icons\static.gif
C:\Program Files (x86)\EWSoftware\Sandcastle Help File Builder\PresentationStyles\VS2013\icons\xna.gif -&gt; C:\Users\Malin\ownCloud\Własne\C#\Documentation\Help\Working\Output\Website\icons\xna.gif
C:\Program Files (x86)\EWSoftware\Sandcastle Help File Builder\PresentationStyles\VS2013\scripts\branding.js -&gt; C:\Users\Malin\ownCloud\Własne\C#\Documentation\Help\Working\Output\Website\scripts\branding.js
C:\Program Files (x86)\EWSoftware\Sandcastle Help File Builder\PresentationStyles\VS2013\styles\branding-cs-CZ.css -&gt; C:\Users\Malin\ownCloud\Własne\C#\Documentation\Help\Working\Output\Website\styles\branding-cs-CZ.css
C:\Program Files (x86)\EWSoftware\Sandcastle Help File Builder\PresentationStyles\VS2013\styles\branding-de-DE.css -&gt; C:\Users\Malin\ownCloud\Własne\C#\Documentation\Help\Working\Output\Website\styles\branding-de-DE.css
C:\Program Files (x86)\EWSoftware\Sandcastle Help File Builder\PresentationStyles\VS2013\styles\branding-en-US.css -&gt; C:\Users\Malin\ownCloud\Własne\C#\Documentation\Help\Working\Output\Website\styles\branding-en-US.css
C:\Program Files (x86)\EWSoftware\Sandcastle Help File Builder\PresentationStyles\VS2013\styles\branding-es-ES.css -&gt; C:\Users\Malin\ownCloud\Własne\C#\Documentation\Help\Working\Output\Website\styles\branding-es-ES.css
C:\Program Files (x86)\EWSoftware\Sandcastle Help File Builder\PresentationStyles\VS2013\styles\branding-fr-FR.css -&gt; C:\Users\Malin\ownCloud\Własne\C#\Documentation\Help\Working\Output\Website\styles\branding-fr-FR.css
C:\Program Files (x86)\EWSoftware\Sandcastle Help File Builder\PresentationStyles\VS2013\styles\branding-Help1.css -&gt; C:\Users\Malin\ownCloud\Własne\C#\Documentation\Help\Working\Output\Website\styles\branding-Help1.css
C:\Program Files (x86)\EWSoftware\Sandcastle Help File Builder\PresentationStyles\VS2013\styles\branding-HelpViewer.css -&gt; C:\Users\Malin\ownCloud\Własne\C#\Documentation\Help\Working\Output\Website\styles\branding-HelpViewer.css
C:\Program Files (x86)\EWSoftware\Sandcastle Help File Builder\PresentationStyles\VS2013\styles\branding-it-IT.css -&gt; C:\Users\Malin\ownCloud\Własne\C#\Documentation\Help\Working\Output\Website\styles\branding-it-IT.css
C:\Program Files (x86)\EWSoftware\Sandcastle Help File Builder\PresentationStyles\VS2013\styles\branding-ja-JP.css -&gt; C:\Users\Malin\ownCloud\Własne\C#\Documentation\Help\Working\Output\Website\styles\branding-ja-JP.css
C:\Program Files (x86)\EWSoftware\Sandcastle Help File Builder\PresentationStyles\VS2013\styles\branding-ko-KR.css -&gt; C:\Users\Malin\ownCloud\Własne\C#\Documentation\Help\Working\Output\Website\styles\branding-ko-KR.css
C:\Program Files (x86)\EWSoftware\Sandcastle Help File Builder\PresentationStyles\VS2013\styles\branding-pl-PL.css -&gt; C:\Users\Malin\ownCloud\Własne\C#\Documentation\Help\Working\Output\Website\styles\branding-pl-PL.css
C:\Program Files (x86)\EWSoftware\Sandcastle Help File Builder\PresentationStyles\VS2013\styles\branding-pt-BR.css -&gt; C:\Users\Malin\ownCloud\Własne\C#\Documentation\Help\Working\Output\Website\styles\branding-pt-BR.css
C:\Program Files (x86)\EWSoftware\Sandcastle Help File Builder\PresentationStyles\VS2013\styles\branding-ru-RU.css -&gt; C:\Users\Malin\ownCloud\Własne\C#\Documentation\Help\Working\Output\Website\styles\branding-ru-RU.css
C:\Program Files (x86)\EWSoftware\Sandcastle Help File Builder\PresentationStyles\VS2013\styles\branding-tr-TR.css -&gt; C:\Users\Malin\ownCloud\Własne\C#\Documentation\Help\Working\Output\Website\styles\branding-tr-TR.css
C:\Program Files (x86)\EWSoftware\Sandcastle Help File Builder\PresentationStyles\VS2013\styles\branding-Website.css -&gt; C:\Users\Malin\ownCloud\Własne\C#\Documentation\Help\Working\Output\Website\styles\branding-Website.css
C:\Program Files (x86)\EWSoftware\Sandcastle Help File Builder\PresentationStyles\VS2013\styles\branding-zh-CN.css -&gt; C:\Users\Malin\ownCloud\Własne\C#\Documentation\Help\Working\Output\Website\styles\branding-zh-CN.css
C:\Program Files (x86)\EWSoftware\Sandcastle Help File Builder\PresentationStyles\VS2013\styles\branding-zh-TW.css -&gt; C:\Users\Malin\ownCloud\Własne\C#\Documentation\Help\Working\Output\Website\styles\branding-zh-TW.css
C:\Program Files (x86)\EWSoftware\Sandcastle Help File Builder\PresentationStyles\VS2013\styles\branding.css -&gt; C:\Users\Malin\ownCloud\Własne\C#\Documentation\Help\Working\Output\Website\styles\branding.css
C:\Program Files (x86)\EWSoftware\Sandcastle Help File Builder\PresentationStyles\VS2013\Web\index.html -&gt; C:\Users\Malin\ownCloud\Własne\C#\Documentation\Help\Working\Output\Website\index.html
C:\Program Files (x86)\EWSoftware\Sandcastle Help File Builder\PresentationStyles\VS2013\Web\search.html -&gt; C:\Users\Malin\ownCloud\Własne\C#\Documentation\Help\Working\Output\Website\search.html
C:\Program Files (x86)\EWSoftware\Sandcastle Help File Builder\PresentationStyles\VS2013\Web\SearchHelp.aspx -&gt; C:\Users\Malin\ownCloud\Własne\C#\Documentation\Help\Working\Output\Website\SearchHelp.aspx
C:\Program Files (x86)\EWSoftware\Sandcastle Help File Builder\PresentationStyles\VS2013\Web\SearchHelp.inc.php -&gt; C:\Users\Malin\ownCloud\Własne\C#\Documentation\Help\Working\Output\Website\SearchHelp.inc.php
C:\Program Files (x86)\EWSoftware\Sandcastle Help File Builder\PresentationStyles\VS2013\Web\SearchHelp.php -&gt; C:\Users\Malin\ownCloud\Własne\C#\Documentation\Help\Working\Output\Website\SearchHelp.php
C:\Program Files (x86)\EWSoftware\Sandcastle Help File Builder\PresentationStyles\VS2013\Web\Web.Config -&gt; C:\Users\Malin\ownCloud\Własne\C#\Documentation\Help\Working\Output\Website\Web.Config
C:\Program Files (x86)\EWSoftware\Sandcastle Help File Builder\PresentationStyles\VS2013\Web\icons\Search.png -&gt; C:\Users\Malin\ownCloud\Własne\C#\Documentation\Help\Working\Output\Website\icons\Search.png
C:\Program Files (x86)\EWSoftware\Sandcastle Help File Builder\PresentationStyles\VS2013\Web\icons\TocClose.gif -&gt; C:\Users\Malin\ownCloud\Własne\C#\Documentation\Help\Working\Output\Website\icons\TocClose.gif
C:\Program Files (x86)\EWSoftware\Sandcastle Help File Builder\PresentationStyles\VS2013\Web\icons\TocCollapsed.gif -&gt; C:\Users\Malin\ownCloud\Własne\C#\Documentation\Help\Working\Output\Website\icons\TocCollapsed.gif
C:\Program Files (x86)\EWSoftware\Sandcastle Help File Builder\PresentationStyles\VS2013\Web\icons\TocExpanded.gif -&gt; C:\Users\Malin\ownCloud\Własne\C#\Documentation\Help\Working\Output\Website\icons\TocExpanded.gif
C:\Program Files (x86)\EWSoftware\Sandcastle Help File Builder\PresentationStyles\VS2013\Web\icons\TocOpen.gif -&gt; C:\Users\Malin\ownCloud\Własne\C#\Documentation\Help\Working\Output\Website\icons\TocOpen.gif
C:\Program Files (x86)\EWSoftware\Sandcastle Help File Builder\PresentationStyles\VS2013\Web\scripts\branding-Website.js -&gt; C:\Users\Malin\ownCloud\Własne\C#\Documentation\Help\Working\Output\Website\scripts\branding-Website.js
C:\Program Files (x86)\EWSoftware\Sandcastle Help File Builder\PresentationStyles\VS2013\Web\scripts\jquery-1.11.0.min.js -&gt; C:\Users\Malin\ownCloud\Własne\C#\Documentation\Help\Working\Output\Website\scripts\jquery-1.11.0.min.js
    Last step completed in 00:00:00,1380
</buildStep>
<buildStep step="GenerateHelpFormatTableOfContents">
Generating website table of contents file...
    Last step completed in 00:00:00,0000
</buildStep>
<buildStep step="GenerateFullTextIndex">
Generating full-text index for the website...

<plugIn name="Lightweight Website Style" behavior="After" priority="1000">
Adding lightweight search and TOC elements to each topic...
</plugIn>    Last step completed in 00:00:00,4810
</buildStep>
<buildStep step="CopyingWebsiteFiles">
Copying website files to output folder...

Copied 235 files for the website content
    Last step completed in 00:00:02,8542
</buildStep>
<buildStep step="CleanIntermediates">
Removing intermediate files...
    Last step completed in 00:00:00,0450
</buildStep>
<buildStep step="Completed">

Build completed successfully at 2015-12-13 18:45:28.  Total time: 00:00:43,8735

</buildStep>
</shfbBuild>
